<?xml version="1.0" encoding="UTF-8"?>
<!-- Generated by org.testng.reporters.JUnitXMLReporter -->
<testsuite hostname="myMacs-MacBook-Pro.local" ignored="0" name="Command line test" tests="12" failures="0" timestamp="20 Mar 2018 23:16:24 GMT" time="191.519" errors="0">
  <testcase name="averageTimeBestFilter" time="12.634" classname="io.onthe.ArticlesSortingTest"/>
  <testcase name="averageTimeWorstFilter" time="12.382" classname="io.onthe.ArticlesSortingTest"/>
  <testcase name="finishedReadingBestFilter" time="11.612" classname="io.onthe.ArticlesSortingTest"/>
  <testcase name="finishedReadingWorstFilter" time="12.488" classname="io.onthe.ArticlesSortingTest"/>
  <testcase name="pageViewsBestFilter" time="12.953" classname="io.onthe.ArticlesSortingTest"/>
  <testcase name="pageViewsWorstFilter" time="13.408" classname="io.onthe.ArticlesSortingTest"/>
  <testcase name="recirculationBestFilter" time="11.904" classname="io.onthe.ArticlesSortingTest"/>
  <testcase name="recirculationWorstFilter" time="13.061" classname="io.onthe.ArticlesSortingTest"/>
  <testcase name="checkForLinksMethodTypes" time="0.576" classname="io.onthe.DataTrackingTest"/>
  <testcase name="TimeFramesTest" time="16.613" classname="io.onthe.TimeFramesTest"/>
  <testcase name="authorsAndPublications" time="32.301" classname="io.onthe.AuthorsFiltersTest"/>
  <testcase name="switchBetweenMenuTabs" time="23.022" classname="io.onthe.MenuTest"/>
</testsuite> <!-- Command line test -->
