<?xml version="1.0" encoding="UTF-8"?>
<!-- Generated by org.testng.reporters.JUnitXMLReporter -->
<testsuite hostname="myMacs-MacBook-Pro.local" ignored="0" name="Command line test" tests="12" failures="2" timestamp="19 Mar 2018 20:19:22 GMT" time="204.296" errors="0">
  <testcase name="averageTimeBestFilter" time="15.816" classname="io.onthe.ArticlesSortingTest"/>
  <testcase name="averageTimeWorstFilter" time="14.792" classname="io.onthe.ArticlesSortingTest"/>
  <testcase name="finishedReadingBestFilter" time="13.192" classname="io.onthe.ArticlesSortingTest"/>
  <testcase name="finishedReadingWorstFilter" time="13.945" classname="io.onthe.ArticlesSortingTest">
    <failure type="java.lang.AssertionError" message="expected [true] but found [false]">
      <![CDATA[java.lang.AssertionError: expected [true] but found [false]at io.onthe.ArticlesSortingTest.finishedReadingWorstFilter(ArticlesSortingTest.java:115)... Removed 39 stack frames]]>
    </failure>
  </testcase> <!-- finishedReadingWorstFilter -->
  <testcase name="pageViewsBestFilter" time="15.168" classname="io.onthe.ArticlesSortingTest"/>
  <testcase name="pageViewsWorstFilter" time="16.972" classname="io.onthe.ArticlesSortingTest"/>
  <testcase name="recirculationBestFilter" time="16.172" classname="io.onthe.ArticlesSortingTest">
    <failure type="java.lang.AssertionError" message="expected [true] but found [false]">
      <![CDATA[java.lang.AssertionError: expected [true] but found [false]at io.onthe.ArticlesSortingTest.recirculationBestFilter(ArticlesSortingTest.java:233)... Removed 39 stack frames]]>
    </failure>
  </testcase> <!-- recirculationBestFilter -->
  <testcase name="recirculationWorstFilter" time="14.785" classname="io.onthe.ArticlesSortingTest"/>
  <testcase name="checkForLinksMethodTypes" time="0.533" classname="io.onthe.DataTrackingTest"/>
  <testcase name="TimeFramesTest" time="12.81" classname="io.onthe.TimeFramesTest"/>
  <testcase name="autorsAndPublications" time="24.172" classname="io.onthe.AuthorsFiltersTest"/>
  <testcase name="switchBetweenMenuTabs" time="25.279" classname="io.onthe.MenuTest"/>
</testsuite> <!-- Command line test -->
