<?xml version="1.0" encoding="UTF-8"?>
<testng-results skipped="0" failed="0" ignored="0" total="12" passed="12">
  <reporter-output>
  </reporter-output>
  <suite name="Command line suite" duration-ms="191519" started-at="2018-03-20T23:13:13Z" finished-at="2018-03-20T23:16:24Z">
    <groups>
    </groups>
    <test name="Command line test" duration-ms="191519" started-at="2018-03-20T23:13:13Z" finished-at="2018-03-20T23:16:24Z">
      <class name="io.onthe.AuthorsFiltersTest">
        <test-method status="PASS" signature="setup(java.lang.String, java.lang.String)[pri:0, instance:io.onthe.AuthorsFiltersTest@3f2a3a5]" name="setup" is-config="true" duration-ms="1370" started-at="2018-03-21T01:15:26Z" finished-at="2018-03-21T01:15:27Z">
          <params>
            <param index="0">
              <value is-null="true"/>
            </param>
            <param index="1">
              <value is-null="true"/>
            </param>
          </params>
          <reporter-output>
          </reporter-output>
        </test-method> <!-- setup -->
        <test-method status="PASS" signature="authorsAndPublications()[pri:0, instance:io.onthe.AuthorsFiltersTest@3f2a3a5]" name="authorsAndPublications" duration-ms="32301" started-at="2018-03-21T01:15:27Z" finished-at="2018-03-21T01:16:00Z">
          <reporter-output>
          </reporter-output>
        </test-method> <!-- authorsAndPublications -->
        <test-method status="PASS" signature="tearDown()[pri:0, instance:io.onthe.AuthorsFiltersTest@3f2a3a5]" name="tearDown" is-config="true" duration-ms="80" started-at="2018-03-21T01:16:00Z" finished-at="2018-03-21T01:16:00Z">
          <reporter-output>
          </reporter-output>
        </test-method> <!-- tearDown -->
      </class> <!-- io.onthe.AuthorsFiltersTest -->
      <class name="io.onthe.DataTrackingTest">
        <test-method status="PASS" signature="setup(java.lang.String, java.lang.String)[pri:0, instance:io.onthe.DataTrackingTest@1e67b872]" name="setup" is-config="true" duration-ms="1398" started-at="2018-03-21T01:15:06Z" finished-at="2018-03-21T01:15:07Z">
          <params>
            <param index="0">
              <value is-null="true"/>
            </param>
            <param index="1">
              <value is-null="true"/>
            </param>
          </params>
          <reporter-output>
          </reporter-output>
        </test-method> <!-- setup -->
        <test-method status="PASS" signature="checkForLinksMethodTypes()[pri:0, instance:io.onthe.DataTrackingTest@1e67b872]" name="checkForLinksMethodTypes" duration-ms="576" started-at="2018-03-21T01:15:07Z" finished-at="2018-03-21T01:15:08Z">
          <reporter-output>
          </reporter-output>
        </test-method> <!-- checkForLinksMethodTypes -->
        <test-method status="PASS" signature="tearDown()[pri:0, instance:io.onthe.DataTrackingTest@1e67b872]" name="tearDown" is-config="true" duration-ms="80" started-at="2018-03-21T01:15:08Z" finished-at="2018-03-21T01:15:08Z">
          <reporter-output>
          </reporter-output>
        </test-method> <!-- tearDown -->
      </class> <!-- io.onthe.DataTrackingTest -->
      <class name="io.onthe.ArticlesSortingTest">
        <test-method status="PASS" signature="setup(java.lang.String, java.lang.String)[pri:0, instance:io.onthe.ArticlesSortingTest@5d624da6]" name="setup" is-config="true" duration-ms="2252" started-at="2018-03-21T01:13:13Z" finished-at="2018-03-21T01:13:15Z">
          <params>
            <param index="0">
              <value is-null="true"/>
            </param>
            <param index="1">
              <value is-null="true"/>
            </param>
          </params>
          <reporter-output>
          </reporter-output>
        </test-method> <!-- setup -->
        <test-method status="PASS" signature="averageTimeBestFilter()[pri:0, instance:io.onthe.ArticlesSortingTest@5d624da6]" name="averageTimeBestFilter" duration-ms="12634" started-at="2018-03-21T01:13:15Z" finished-at="2018-03-21T01:13:28Z">
          <reporter-output>
          </reporter-output>
        </test-method> <!-- averageTimeBestFilter -->
        <test-method status="PASS" signature="tearDown()[pri:0, instance:io.onthe.ArticlesSortingTest@5d624da6]" name="tearDown" is-config="true" duration-ms="87" started-at="2018-03-21T01:13:28Z" finished-at="2018-03-21T01:13:28Z">
          <reporter-output>
          </reporter-output>
        </test-method> <!-- tearDown -->
        <test-method status="PASS" signature="setup(java.lang.String, java.lang.String)[pri:0, instance:io.onthe.ArticlesSortingTest@5d624da6]" name="setup" is-config="true" duration-ms="1396" started-at="2018-03-21T01:13:28Z" finished-at="2018-03-21T01:13:29Z">
          <params>
            <param index="0">
              <value is-null="true"/>
            </param>
            <param index="1">
              <value is-null="true"/>
            </param>
          </params>
          <reporter-output>
          </reporter-output>
        </test-method> <!-- setup -->
        <test-method status="PASS" signature="averageTimeWorstFilter()[pri:0, instance:io.onthe.ArticlesSortingTest@5d624da6]" name="averageTimeWorstFilter" duration-ms="12382" started-at="2018-03-21T01:13:29Z" finished-at="2018-03-21T01:13:42Z">
          <reporter-output>
          </reporter-output>
        </test-method> <!-- averageTimeWorstFilter -->
        <test-method status="PASS" signature="tearDown()[pri:0, instance:io.onthe.ArticlesSortingTest@5d624da6]" name="tearDown" is-config="true" duration-ms="83" started-at="2018-03-21T01:13:42Z" finished-at="2018-03-21T01:13:42Z">
          <reporter-output>
          </reporter-output>
        </test-method> <!-- tearDown -->
        <test-method status="PASS" signature="setup(java.lang.String, java.lang.String)[pri:0, instance:io.onthe.ArticlesSortingTest@5d624da6]" name="setup" is-config="true" duration-ms="1407" started-at="2018-03-21T01:13:42Z" finished-at="2018-03-21T01:13:43Z">
          <params>
            <param index="0">
              <value is-null="true"/>
            </param>
            <param index="1">
              <value is-null="true"/>
            </param>
          </params>
          <reporter-output>
          </reporter-output>
        </test-method> <!-- setup -->
        <test-method status="PASS" signature="finishedReadingBestFilter()[pri:0, instance:io.onthe.ArticlesSortingTest@5d624da6]" name="finishedReadingBestFilter" duration-ms="11612" started-at="2018-03-21T01:13:43Z" finished-at="2018-03-21T01:13:55Z">
          <reporter-output>
          </reporter-output>
        </test-method> <!-- finishedReadingBestFilter -->
        <test-method status="PASS" signature="tearDown()[pri:0, instance:io.onthe.ArticlesSortingTest@5d624da6]" name="tearDown" is-config="true" duration-ms="81" started-at="2018-03-21T01:13:55Z" finished-at="2018-03-21T01:13:55Z">
          <reporter-output>
          </reporter-output>
        </test-method> <!-- tearDown -->
        <test-method status="PASS" signature="setup(java.lang.String, java.lang.String)[pri:0, instance:io.onthe.ArticlesSortingTest@5d624da6]" name="setup" is-config="true" duration-ms="1384" started-at="2018-03-21T01:13:55Z" finished-at="2018-03-21T01:13:56Z">
          <params>
            <param index="0">
              <value is-null="true"/>
            </param>
            <param index="1">
              <value is-null="true"/>
            </param>
          </params>
          <reporter-output>
          </reporter-output>
        </test-method> <!-- setup -->
        <test-method status="PASS" signature="finishedReadingWorstFilter()[pri:0, instance:io.onthe.ArticlesSortingTest@5d624da6]" name="finishedReadingWorstFilter" duration-ms="12488" started-at="2018-03-21T01:13:56Z" finished-at="2018-03-21T01:14:09Z">
          <reporter-output>
          </reporter-output>
        </test-method> <!-- finishedReadingWorstFilter -->
        <test-method status="PASS" signature="tearDown()[pri:0, instance:io.onthe.ArticlesSortingTest@5d624da6]" name="tearDown" is-config="true" duration-ms="81" started-at="2018-03-21T01:14:09Z" finished-at="2018-03-21T01:14:09Z">
          <reporter-output>
          </reporter-output>
        </test-method> <!-- tearDown -->
        <test-method status="PASS" signature="setup(java.lang.String, java.lang.String)[pri:0, instance:io.onthe.ArticlesSortingTest@5d624da6]" name="setup" is-config="true" duration-ms="1358" started-at="2018-03-21T01:14:09Z" finished-at="2018-03-21T01:14:10Z">
          <params>
            <param index="0">
              <value is-null="true"/>
            </param>
            <param index="1">
              <value is-null="true"/>
            </param>
          </params>
          <reporter-output>
          </reporter-output>
        </test-method> <!-- setup -->
        <test-method status="PASS" signature="pageViewsBestFilter()[pri:0, instance:io.onthe.ArticlesSortingTest@5d624da6]" name="pageViewsBestFilter" duration-ms="12953" started-at="2018-03-21T01:14:10Z" finished-at="2018-03-21T01:14:23Z">
          <reporter-output>
          </reporter-output>
        </test-method> <!-- pageViewsBestFilter -->
        <test-method status="PASS" signature="tearDown()[pri:0, instance:io.onthe.ArticlesSortingTest@5d624da6]" name="tearDown" is-config="true" duration-ms="80" started-at="2018-03-21T01:14:23Z" finished-at="2018-03-21T01:14:23Z">
          <reporter-output>
          </reporter-output>
        </test-method> <!-- tearDown -->
        <test-method status="PASS" signature="setup(java.lang.String, java.lang.String)[pri:0, instance:io.onthe.ArticlesSortingTest@5d624da6]" name="setup" is-config="true" duration-ms="1424" started-at="2018-03-21T01:14:23Z" finished-at="2018-03-21T01:14:25Z">
          <params>
            <param index="0">
              <value is-null="true"/>
            </param>
            <param index="1">
              <value is-null="true"/>
            </param>
          </params>
          <reporter-output>
          </reporter-output>
        </test-method> <!-- setup -->
        <test-method status="PASS" signature="pageViewsWorstFilter()[pri:0, instance:io.onthe.ArticlesSortingTest@5d624da6]" name="pageViewsWorstFilter" duration-ms="13408" started-at="2018-03-21T01:14:25Z" finished-at="2018-03-21T01:14:38Z">
          <reporter-output>
          </reporter-output>
        </test-method> <!-- pageViewsWorstFilter -->
        <test-method status="PASS" signature="tearDown()[pri:0, instance:io.onthe.ArticlesSortingTest@5d624da6]" name="tearDown" is-config="true" duration-ms="81" started-at="2018-03-21T01:14:38Z" finished-at="2018-03-21T01:14:38Z">
          <reporter-output>
          </reporter-output>
        </test-method> <!-- tearDown -->
        <test-method status="PASS" signature="setup(java.lang.String, java.lang.String)[pri:0, instance:io.onthe.ArticlesSortingTest@5d624da6]" name="setup" is-config="true" duration-ms="1405" started-at="2018-03-21T01:14:38Z" finished-at="2018-03-21T01:14:39Z">
          <params>
            <param index="0">
              <value is-null="true"/>
            </param>
            <param index="1">
              <value is-null="true"/>
            </param>
          </params>
          <reporter-output>
          </reporter-output>
        </test-method> <!-- setup -->
        <test-method status="PASS" signature="recirculationBestFilter()[pri:0, instance:io.onthe.ArticlesSortingTest@5d624da6]" name="recirculationBestFilter" duration-ms="11904" started-at="2018-03-21T01:14:39Z" finished-at="2018-03-21T01:14:51Z">
          <reporter-output>
          </reporter-output>
        </test-method> <!-- recirculationBestFilter -->
        <test-method status="PASS" signature="tearDown()[pri:0, instance:io.onthe.ArticlesSortingTest@5d624da6]" name="tearDown" is-config="true" duration-ms="81" started-at="2018-03-21T01:14:51Z" finished-at="2018-03-21T01:14:51Z">
          <reporter-output>
          </reporter-output>
        </test-method> <!-- tearDown -->
        <test-method status="PASS" signature="setup(java.lang.String, java.lang.String)[pri:0, instance:io.onthe.ArticlesSortingTest@5d624da6]" name="setup" is-config="true" duration-ms="1363" started-at="2018-03-21T01:14:51Z" finished-at="2018-03-21T01:14:53Z">
          <params>
            <param index="0">
              <value is-null="true"/>
            </param>
            <param index="1">
              <value is-null="true"/>
            </param>
          </params>
          <reporter-output>
          </reporter-output>
        </test-method> <!-- setup -->
        <test-method status="PASS" signature="recirculationWorstFilter()[pri:0, instance:io.onthe.ArticlesSortingTest@5d624da6]" name="recirculationWorstFilter" duration-ms="13061" started-at="2018-03-21T01:14:53Z" finished-at="2018-03-21T01:15:06Z">
          <reporter-output>
          </reporter-output>
        </test-method> <!-- recirculationWorstFilter -->
        <test-method status="PASS" signature="tearDown()[pri:0, instance:io.onthe.ArticlesSortingTest@5d624da6]" name="tearDown" is-config="true" duration-ms="80" started-at="2018-03-21T01:15:06Z" finished-at="2018-03-21T01:15:06Z">
          <reporter-output>
          </reporter-output>
        </test-method> <!-- tearDown -->
      </class> <!-- io.onthe.ArticlesSortingTest -->
      <class name="io.onthe.TimeFramesTest">
        <test-method status="PASS" signature="setup(java.lang.String, java.lang.String)[pri:0, instance:io.onthe.TimeFramesTest@60addb54]" name="setup" is-config="true" duration-ms="1394" started-at="2018-03-21T01:15:08Z" finished-at="2018-03-21T01:15:09Z">
          <params>
            <param index="0">
              <value is-null="true"/>
            </param>
            <param index="1">
              <value is-null="true"/>
            </param>
          </params>
          <reporter-output>
          </reporter-output>
        </test-method> <!-- setup -->
        <test-method status="PASS" signature="TimeFramesTest()[pri:0, instance:io.onthe.TimeFramesTest@60addb54]" name="TimeFramesTest" duration-ms="16613" started-at="2018-03-21T01:15:09Z" finished-at="2018-03-21T01:15:26Z">
          <reporter-output>
          </reporter-output>
        </test-method> <!-- TimeFramesTest -->
        <test-method status="PASS" signature="tearDown()[pri:0, instance:io.onthe.TimeFramesTest@60addb54]" name="tearDown" is-config="true" duration-ms="80" started-at="2018-03-21T01:15:26Z" finished-at="2018-03-21T01:15:26Z">
          <reporter-output>
          </reporter-output>
        </test-method> <!-- tearDown -->
      </class> <!-- io.onthe.TimeFramesTest -->
      <class name="io.onthe.MenuTest">
        <test-method status="PASS" signature="setup(java.lang.String, java.lang.String)[pri:0, instance:io.onthe.MenuTest@4cb2c100]" name="setup" is-config="true" duration-ms="1413" started-at="2018-03-21T01:16:00Z" finished-at="2018-03-21T01:16:01Z">
          <params>
            <param index="0">
              <value is-null="true"/>
            </param>
            <param index="1">
              <value is-null="true"/>
            </param>
          </params>
          <reporter-output>
          </reporter-output>
        </test-method> <!-- setup -->
        <test-method status="PASS" signature="switchBetweenMenuTabs()[pri:0, instance:io.onthe.MenuTest@4cb2c100]" name="switchBetweenMenuTabs" duration-ms="23022" started-at="2018-03-21T01:16:01Z" finished-at="2018-03-21T01:16:24Z">
          <reporter-output>
          </reporter-output>
        </test-method> <!-- switchBetweenMenuTabs -->
        <test-method status="PASS" signature="tearDown()[pri:0, instance:io.onthe.MenuTest@4cb2c100]" name="tearDown" is-config="true" duration-ms="81" started-at="2018-03-21T01:16:24Z" finished-at="2018-03-21T01:16:24Z">
          <reporter-output>
          </reporter-output>
        </test-method> <!-- tearDown -->
      </class> <!-- io.onthe.MenuTest -->
    </test> <!-- Command line test -->
  </suite> <!-- Command line suite -->
</testng-results>
