<?xml version="1.0" encoding="UTF-8" ?>
<testsuite tests="12" failures="2" name="TestSuite" time="184.884" errors="0" skipped="0">
  <properties>
[...]
</properties>
  <testcase classname="io.onthe.ArticlesSortingTest" name="averageTimeBestFilter" time="15.644"/>
  <testcase classname="io.onthe.ArticlesSortingTest" name="averageTimeWorstFilter" time="14.79"/>
  <testcase classname="io.onthe.ArticlesSortingTest" name="finishedReadingBestFilter" time="13.189"/>
  <testcase classname="io.onthe.ArticlesSortingTest" name="finishedReadingWorstFilter" time="14.724">
    <failure message="expected [true] but found [false]" type="java.lang.AssertionError">java.lang.AssertionError: expected [true] but found [false]
	at org.testng.Assert.fail(Assert.java:96)
	at org.testng.Assert.failNotEquals(Assert.java:776)
	at org.testng.Assert.assertTrue(Assert.java:44)
	at org.testng.Assert.assertTrue(Assert.java:54)
	at io.onthe.ArticlesSortingTest.finishedReadingWorstFilter(ArticlesSortingTest.java:115)
</failure>
    <system-err>Starting ChromeDriver 2.37.543654 (a46b62e9900f5ac48951f8ad68d9e03eded4cc8d) on port 44071
Only local connections are allowed.
Mar 19, 2018 10:16:48 PM org.openqa.selenium.remote.ProtocolHandshake createSession
INFO: Detected dialect: OSS
</system-err>
  </testcase>
  <testcase classname="io.onthe.ArticlesSortingTest" name="pageViewsBestFilter" time="15.166"/>
  <testcase classname="io.onthe.ArticlesSortingTest" name="pageViewsWorstFilter" time="16.971"/>
  <testcase classname="io.onthe.ArticlesSortingTest" name="recirculationBestFilter" time="16.828">
    <failure message="expected [true] but found [false]" type="java.lang.AssertionError">java.lang.AssertionError: expected [true] but found [false]
	at org.testng.Assert.fail(Assert.java:96)
	at org.testng.Assert.failNotEquals(Assert.java:776)
	at org.testng.Assert.assertTrue(Assert.java:44)
	at org.testng.Assert.assertTrue(Assert.java:54)
	at io.onthe.ArticlesSortingTest.recirculationBestFilter(ArticlesSortingTest.java:233)
</failure>
    <system-err>Starting ChromeDriver 2.37.543654 (a46b62e9900f5ac48951f8ad68d9e03eded4cc8d) on port 12916
Only local connections are allowed.
Mar 19, 2018 10:17:40 PM org.openqa.selenium.remote.ProtocolHandshake createSession
INFO: Detected dialect: OSS
</system-err>
  </testcase>
  <testcase classname="io.onthe.ArticlesSortingTest" name="recirculationWorstFilter" time="14.783"/>
  <testcase classname="io.onthe.DataTrackingTest" name="checkForLinksMethodTypes" time="0.531"/>
  <testcase classname="io.onthe.TimeFramesTest" name="TimeFramesTest" time="12.81"/>
  <testcase classname="io.onthe.AuthorsFiltersTest" name="autorsAndPublications" time="24.171"/>
  <testcase classname="io.onthe.MenuTest" name="switchBetweenMenuTabs" time="25.277"/>
</testsuite>